[debug] [2024-02-04T14:34:47.646Z] ----------------------------------------------------------------------
[debug] [2024-02-04T14:34:47.648Z] Command:       C:\Program Files\nodejs\node.exe C:\Users\shyam\AppData\Roaming\npm\node_modules\firebase-tools\lib\bin\firebase.js init
[debug] [2024-02-04T14:34:47.649Z] CLI Version:   13.1.0
[debug] [2024-02-04T14:34:47.649Z] Platform:      win32
[debug] [2024-02-04T14:34:47.649Z] Node Version:  v18.18.0
[debug] [2024-02-04T14:34:47.650Z] Time:          Sun Feb 04 2024 20:04:47 GMT+0530 (India Standard Time)
[debug] [2024-02-04T14:34:47.650Z] ----------------------------------------------------------------------
[debug] 
[debug] [2024-02-04T14:34:47.657Z] > command requires scopes: ["email","openid","https://www.googleapis.com/auth/cloudplatformprojects.readonly","https://www.googleapis.com/auth/firebase","https://www.googleapis.com/auth/cloud-platform"]
[debug] [2024-02-04T14:34:47.658Z] > authorizing via signed-in user (shyamsunderb2331@gmail.com)
[info] 
     ######## #### ########  ######## ########     ###     ######  ########
     ##        ##  ##     ## ##       ##     ##  ##   ##  ##       ##
     ######    ##  ########  ######   ########  #########  ######  ######
     ##        ##  ##    ##  ##       ##     ## ##     ##       ## ##
     ##       #### ##     ## ######## ########  ##     ##  ######  ########

You're about to initialize a Firebase project in this directory:

  D:\reactclass\social media project\smplatform

[info] 
=== Project Setup
[info] 
[info] First, let's associate this project directory with a Firebase project.
[info] You can create multiple project aliases by running firebase use --add, 
[info] but for now we'll just set up a default project.
[info] 
[debug] [2024-02-04T14:36:33.469Z] >>> [apiv2][query] GET https://firebase.googleapis.com/v1beta1/projects pageSize=100
[debug] [2024-02-04T14:36:34.566Z] <<< [apiv2][status] GET https://firebase.googleapis.com/v1beta1/projects 200
[debug] [2024-02-04T14:36:34.567Z] <<< [apiv2][body] GET https://firebase.googleapis.com/v1beta1/projects [omitted]
[info] i  Using project reactclass-231 (reactclass-231) 
[info] 
=== Hosting Setup
[debug] [2024-02-04T14:36:38.481Z] >>> [apiv2][query] GET https://firebase.googleapis.com/v1beta1/projects/reactclass-231 [none]
[debug] [2024-02-04T14:36:39.015Z] <<< [apiv2][status] GET https://firebase.googleapis.com/v1beta1/projects/reactclass-231 200
[debug] [2024-02-04T14:36:39.016Z] <<< [apiv2][body] GET https://firebase.googleapis.com/v1beta1/projects/reactclass-231 {"projectId":"reactclass-231","projectNumber":"961648223350","displayName":"reactclass-231","name":"projects/reactclass-231","resources":{"hostingSite":"reactclass-231"},"state":"ACTIVE","etag":"1_13e68442-9cda-4e4c-97c2-c970ff155cb6"}
[info] 
[info] Your public directory is the folder (relative to your project directory) that
[info] will contain Hosting assets to be uploaded with firebase deploy. If you
[info] have a build process for your assets, use your build's output directory.
[info] 
[info] +  Wrote public/404.html 
[debug] [2024-02-04T14:38:58.300Z] >>> [apiv2][query] GET https://www.gstatic.com/firebasejs/releases.json [none]
[debug] [2024-02-04T14:38:58.415Z] <<< [apiv2][status] GET https://www.gstatic.com/firebasejs/releases.json 200
[debug] [2024-02-04T14:38:58.415Z] <<< [apiv2][body] GET https://www.gstatic.com/firebasejs/releases.json {"current":{"version":"10.8.0","browserURL":"https://www.gstatic.com/firebasejs/10.8.0/firebase.js","packageURL":"https://www.gstatic.com/firebasejs/10.8.0/firebase.tgz"},"live":{"version":"10.8","browserURL":"https://www.gstatic.com/firebasejs/live/10.8/firebase.js","packageURL":"https://www.gstatic.com/firebasejs/live/10.8/firebase.tgz"},"components":{"analytics":"https://www.gstatic.com/firebasejs/10.8.0/firebase-analytics.js","app":"https://www.gstatic.com/firebasejs/10.8.0/firebase-app.js","app-check":"https://www.gstatic.com/firebasejs/10.8.0/firebase-app-check.js","auth":"https://www.gstatic.com/firebasejs/10.8.0/firebase-auth.js","auth/cordova":"https://www.gstatic.com/firebasejs/10.8.0/firebase-auth/cordova.js","auth/web-extension":"https://www.gstatic.com/firebasejs/10.8.0/firebase-auth/web-extension.js","functions":"https://www.gstatic.com/firebasejs/10.8.0/firebase-functions.js","firestore":"https://www.gstatic.com/firebasejs/10.8.0/firebase-firestore.js","firestore/lite":"https://www.gstatic.com/firebasejs/10.8.0/firebase-firestore/lite.js","installations":"https://www.gstatic.com/firebasejs/10.8.0/firebase-installations.js","storage":"https://www.gstatic.com/firebasejs/10.8.0/firebase-storage.js","performance":"https://www.gstatic.com/firebasejs/10.8.0/firebase-performance.js","remote-config":"https://www.gstatic.com/firebasejs/10.8.0/firebase-remote-config.js","messaging":"https://www.gstatic.com/firebasejs/10.8.0/firebase-messaging.js","messaging/sw":"https://www.gstatic.com/firebasejs/10.8.0/firebase-messaging/sw.js","database":"https://www.gstatic.com/firebasejs/10.8.0/firebase-database.js","firestore.memory":"https://www.gstatic.com/firebasejs/10.8.0/firebase-firestore.memory.js"}}
[info] i  Skipping write of public/index.html 
[info] 
[info] i  Detected a .git folder at D:\reactclass\social media project\smplatform 
[info] i  Authorizing with GitHub to upload your service account to a GitHub repository's secrets store. 
[info] 
[info] Visit this URL on this device to log in:
[info] https://github.com/login/oauth/authorize?client_id=89cf50f02ac6aaed3484&state=147134910&redirect_uri=http%3A%2F%2Flocalhost%3A9005&scope=read%3Auser%20repo%20public_repo
[info] 
[info] Waiting for authentication...
[debug] [2024-02-04T14:43:05.687Z] >>> [apiv2][query] POST https://github.com/login/oauth/access_token [none]
[debug] [2024-02-04T14:43:05.688Z] >>> [apiv2][body] POST https://github.com/login/oauth/access_token [stream]
[debug] [2024-02-04T14:43:06.152Z] <<< [apiv2][status] POST https://github.com/login/oauth/access_token 200
[debug] [2024-02-04T14:43:06.152Z] <<< [apiv2][body] POST https://github.com/login/oauth/access_token {"access_token":"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","token_type":"bearer","scope":"read:user,repo"}
[debug] [2024-02-04T14:43:06.170Z] >>> [apiv2][query] GET https://api.github.com/user [none]
[debug] [2024-02-04T14:43:06.585Z] <<< [apiv2][status] GET https://api.github.com/user 200
[debug] [2024-02-04T14:43:06.586Z] <<< [apiv2][body] GET https://api.github.com/user {"login":"shyamsunder231","id":75798897,"node_id":"MDQ6VXNlcjc1Nzk4ODk3","avatar_url":"https://avatars.githubusercontent.com/u/75798897?v=4","gravatar_id":"","url":"https://api.github.com/users/shyamsunder231","html_url":"https://github.com/shyamsunder231","followers_url":"https://api.github.com/users/shyamsunder231/followers","following_url":"https://api.github.com/users/shyamsunder231/following{/other_user}","gists_url":"https://api.github.com/users/shyamsunder231/gists{/gist_id}","starred_url":"https://api.github.com/users/shyamsunder231/starred{/owner}{/repo}","subscriptions_url":"https://api.github.com/users/shyamsunder231/subscriptions","organizations_url":"https://api.github.com/users/shyamsunder231/orgs","repos_url":"https://api.github.com/users/shyamsunder231/repos","events_url":"https://api.github.com/users/shyamsunder231/events{/privacy}","received_events_url":"https://api.github.com/users/shyamsunder231/received_events","type":"User","site_admin":false,"name":"shyamsunder231","company":null,"blog":"","location":null,"email":null,"hireable":null,"bio":null,"twitter_username":null,"public_repos":5,"public_gists":0,"followers":3,"following":11,"created_at":"2020-12-10T15:38:49Z","updated_at":"2024-02-04T14:39:33Z","private_gists":0,"total_private_repos":3,"owned_private_repos":3,"disk_usage":1501,"collaborators":0,"two_factor_authentication":true,"plan":{"name":"free","space":976562499,"collaborators":0,"private_repos":10000}}
[info] 
[info] +  Success! Logged into GitHub as shyamsunder231 
[info] 
